<?xml version="1.0" encoding="UTF-8"?>

<beans xmlns="http://www.springframework.org/schema/beans"
       xmlns:xsi="http://www.w3.org/2001/XMLSchema-instance"
       xsi:schemaLocation="
           http://www.springframework.org/schema/beans http://www.springframework.org/schema/beans/spring-beans.xsd
           http://camel.apache.org/schema/spring http://camel.apache.org/schema/spring/camel-spring.xsd
       ">

  <camelContext xmlns="http://camel.apache.org/schema/spring">
    <route>
      <from uri="seda:in?concurrentConsumers=5"/>
      <to uri="direct:in"/>
      <log message="Processed by:${threadName}"/>
    </route>

    <route>
      <from uri="direct:in"/>
      <log message="Processing ${body}:${threadName}"/>

      <log message="Completed ${body}:${threadName}"/>
      <to uri="mock:out"/>
    </route>

    <route>
      <from uri="direct:sync?synchronous=true"/>
      <log message="Processing ${body}:${threadName}"/>

      <log message="Completed ${body}:${threadName}"/>
      <to uri="mock:out"/>
    </route>

  </camelContext>

</beans>
